# JRE version: Java(TM) SE Runtime Environment (16.0.2+7) (build 16.0.2+7-67)
# Java VM: Java HotSpot(TM) 64-Bit Server VM (16.0.2+7-67, mixed mode, sharing, tiered, compressed oops, compressed class ptrs, g1 gc, windows-amd64)
GC Precious Log:
 CPUs: 4 total, 4 available
 Memory: 4014M
 Large Page Support: Disabled
 NUMA Support: Disabled
 Compressed Oops: Enabled (32-bit)
 Heap Region Size: 1M
 Heap Min Capacity: 8M
 Heap Initial Capacity: 64M
 Heap Max Capacity: 1004M
 Pre-touch: Disabled
 Parallel Workers: 4
 Concurrent Workers: 1
 Concurrent Refinement Workers: 4
 Periodic GC: Disabled
Heap:
 garbage-first heap   total 157696K, used 51441K [0x00000000c1400000, 0x0000000100000000)
  region size 1024K, 2 young (2048K), 1 survivors (1024K)
 Metaspace       used 8392K, committed 8640K, reserved 1056768K
  class space    used 810K, committed 896K, reserved 1048576K
GC Heap History (20 events):
Event: 19.672 GC heap before
{Heap before GC invocations=112 (full 0):
 garbage-first heap   total 157696K, used 69867K [0x00000000c1400000, 0x0000000100000000)
  region size 1024K, 2 young (2048K), 1 survivors (1024K)
 Metaspace       used 8390K, committed 8640K, reserved 1056768K
  class space    used 810K, committed 896K, reserved 1048576K
}
Event: 19.673 GC heap after
{Heap after GC invocations=113 (full 0):
 garbage-first heap   total 157696K, used 38126K [0x00000000c1400000, 0x0000000100000000)
  region size 1024K, 1 young (1024K), 1 survivors (1024K)
 Metaspace       used 8390K, committed 8640K, reserved 1056768K
  class space    used 810K, committed 896K, reserved 1048576K
}
Event: 19.974 GC heap before
{Heap before GC invocations=113 (full 0):
 garbage-first heap   total 157696K, used 70894K [0x00000000c1400000, 0x0000000100000000)
  region size 1024K, 3 young (3072K), 1 survivors (1024K)
 Metaspace       used 8392K, committed 8640K, reserved 1056768K
  class space    used 810K, committed 896K, reserved 1048576K
}
Event: 19.976 GC heap after
{Heap after GC invocations=114 (full 0):
 garbage-first heap   total 157696K, used 39148K [0x00000000c1400000, 0x0000000100000000)
  region size 1024K, 1 young (1024K), 1 survivors (1024K)
 Metaspace       used 8392K, committed 8640K, reserved 1056768K
  class space    used 810K, committed 896K, reserved 1048576K
}
Event: 20.464 GC heap before
{Heap before GC invocations=114 (full 0):
 garbage-first heap   total 157696K, used 70892K [0x00000000c1400000, 0x0000000100000000)
  region size 1024K, 3 young (3072K), 1 survivors (1024K)
 Metaspace       used 8392K, committed 8640K, reserved 1056768K
  class space    used 810K, committed 896K, reserved 1048576K
}
Event: 20.466 GC heap after
{Heap after GC invocations=115 (full 0):
 garbage-first heap   total 157696K, used 38120K [0x00000000c1400000, 0x0000000100000000)
  region size 1024K, 1 young (1024K), 1 survivors (1024K)
 Metaspace       used 8392K, committed 8640K, reserved 1056768K
  class space    used 810K, committed 896K, reserved 1048576K
}
Event: 20.558 GC heap before
{Heap before GC invocations=115 (full 0):
 garbage-first heap   total 157696K, used 70888K [0x00000000c1400000, 0x0000000100000000)
  region size 1024K, 3 young (3072K), 1 survivors (1024K)
 Metaspace       used 8392K, committed 8640K, reserved 1056768K
  class space    used 810K, committed 896K, reserved 1048576K
}
Event: 20.559 GC heap after
{Heap after GC invocations=116 (full 0):
 garbage-first heap   total 157696K, used 39150K [0x00000000c1400000, 0x0000000100000000)
  region size 1024K, 1 young (1024K), 1 survivors (1024K)
 Metaspace       used 8392K, committed 8640K, reserved 1056768K
  class space    used 810K, committed 896K, reserved 1048576K
}
Event: 20.631 GC heap before
{Heap before GC invocations=116 (full 0):
 garbage-first heap   total 157696K, used 69870K [0x00000000c1400000, 0x0000000100000000)
  region size 1024K, 2 young (2048K), 1 survivors (1024K)
 Metaspace       used 8392K, committed 8640K, reserved 1056768K
  class space    used 810K, committed 896K, reserved 1048576K
}
Event: 20.632 GC heap after
{Heap after GC invocations=117 (full 0):
 garbage-first heap   total 157696K, used 38128K [0x00000000c1400000, 0x0000000100000000)
  region size 1024K, 1 young (1024K), 1 survivors (1024K)
 Metaspace       used 8392K, committed 8640K, reserved 1056768K
  class space    used 810K, committed 896K, reserved 1048576K
}
Event: 20.716 GC heap before
{Heap before GC invocations=117 (full 0):
 garbage-first heap   total 157696K, used 69872K [0x00000000c1400000, 0x0000000100000000)
  region size 1024K, 2 young (2048K), 1 survivors (1024K)
 Metaspace       used 8392K, committed 8640K, reserved 1056768K
  class space    used 810K, committed 896K, reserved 1048576K
}
Event: 20.717 GC heap after
{Heap after GC invocations=118 (full 0):
 garbage-first heap   total 157696K, used 39154K [0x00000000c1400000, 0x0000000100000000)
  region size 1024K, 1 young (1024K), 1 survivors (1024K)
 Metaspace       used 8392K, committed 8640K, reserved 1056768K
  class space    used 810K, committed 896K, reserved 1048576K
}
Event: 20.774 GC heap before
{Heap before GC invocations=118 (full 0):
 garbage-first heap   total 157696K, used 69874K [0x00000000c1400000, 0x0000000100000000)
  region size 1024K, 2 young (2048K), 1 survivors (1024K)
 Metaspace       used 8392K, committed 8640K, reserved 1056768K
  class space    used 810K, committed 896K, reserved 1048576K
}
Event: 20.775 GC heap after
{Heap after GC invocations=119 (full 0):
 garbage-first heap   total 157696K, used 38128K [0x00000000c1400000, 0x0000000100000000)
  region size 1024K, 1 young (1024K), 1 survivors (1024K)
 Metaspace       used 8392K, committed 8640K, reserved 1056768K
  class space    used 810K, committed 896K, reserved 1048576K
}
Event: 20.838 GC heap before
{Heap before GC invocations=119 (full 0):
 garbage-first heap   total 157696K, used 69872K [0x00000000c1400000, 0x0000000100000000)
  region size 1024K, 2 young (2048K), 1 survivors (1024K)
 Metaspace       used 8392K, committed 8640K, reserved 1056768K
  class space    used 810K, committed 896K, reserved 1048576K
}
Event: 20.839 GC heap after
{Heap after GC invocations=120 (full 0):
 garbage-first heap   total 157696K, used 39150K [0x00000000c1400000, 0x0000000100000000)
  region size 1024K, 1 young (1024K), 1 survivors (1024K)
 Metaspace       used 8392K, committed 8640K, reserved 1056768K
  class space    used 810K, committed 896K, reserved 1048576K
}
Event: 20.954 GC heap before
{Heap before GC invocations=120 (full 0):
 garbage-first heap   total 157696K, used 69870K [0x00000000c1400000, 0x0000000100000000)
  region size 1024K, 2 young (2048K), 1 survivors (1024K)
 Metaspace       used 8392K, committed 8640K, reserved 1056768K
  class space    used 810K, committed 896K, reserved 1048576K
}
Event: 20.955 GC heap after
{Heap after GC invocations=121 (full 0):
 garbage-first heap   total 157696K, used 38133K [0x00000000c1400000, 0x0000000100000000)
  region size 1024K, 1 young (1024K), 1 survivors (1024K)
 Metaspace       used 8392K, committed 8640K, reserved 1056768K
  class space    used 810K, committed 896K, reserved 1048576K
}
Event: 21.018 GC heap before
{Heap before GC invocations=121 (full 0):
 garbage-first heap   total 157696K, used 69877K [0x00000000c1400000, 0x0000000100000000)
  region size 1024K, 2 young (2048K), 1 survivors (1024K)
 Metaspace       used 8392K, committed 8640K, reserved 1056768K
  class space    used 810K, committed 896K, reserved 1048576K
}
Event: 21.019 GC heap after
{Heap after GC invocations=122 (full 0):
 garbage-first heap   total 157696K, used 39155K [0x00000000c1400000, 0x0000000100000000)
  region size 1024K, 1 young (1024K), 1 survivors (1024K)
 Metaspace       used 8392K, committed 8640K, reserved 1056768K
  class space    used 810K, committed 896K, reserved 1048576K
}

