# JRE version: Java(TM) SE Runtime Environment (16.0.2+7) (build 16.0.2+7-67)
# Java VM: Java HotSpot(TM) 64-Bit Server VM (16.0.2+7-67, mixed mode, sharing, tiered, compressed oops, compressed class ptrs, g1 gc, windows-amd64)
GC Precious Log:
 CPUs: 4 total, 4 available
 Memory: 4014M
 Large Page Support: Disabled
 NUMA Support: Disabled
 Compressed Oops: Enabled (32-bit)
 Heap Region Size: 1M
 Heap Min Capacity: 8M
 Heap Initial Capacity: 64M
 Heap Max Capacity: 1004M
 Pre-touch: Disabled
 Parallel Workers: 4
 Concurrent Workers: 1
 Concurrent Refinement Workers: 4
 Periodic GC: Disabled
Heap:
 garbage-first heap   total 65536K, used 26642K [0x00000000c1400000, 0x0000000100000000)
  region size 1024K, 1 young (1024K), 1 survivors (1024K)
 Metaspace       used 7673K, committed 7872K, reserved 1056768K
  class space    used 810K, committed 896K, reserved 1048576K
GC Heap History (13 events):
Event: 4.184 GC heap before
{Heap before GC invocations=0 (full 0):
 garbage-first heap   total 65536K, used 36864K [0x00000000c1400000, 0x0000000100000000)
  region size 1024K, 9 young (9216K), 0 survivors (0K)
 Metaspace       used 7417K, committed 7616K, reserved 1056768K
  class space    used 778K, committed 896K, reserved 1048576K
}
Event: 4.478 GC heap after
{Heap after GC invocations=1 (full 0):
 garbage-first heap   total 65536K, used 31658K [0x00000000c1400000, 0x0000000100000000)
  region size 1024K, 2 young (2048K), 2 survivors (2048K)
 Metaspace       used 7417K, committed 7616K, reserved 1056768K
  class space    used 778K, committed 896K, reserved 1048576K
}
Event: 4.519 GC heap before
{Heap before GC invocations=2 (full 0):
 garbage-first heap   total 65536K, used 34730K [0x00000000c1400000, 0x0000000100000000)
  region size 1024K, 3 young (3072K), 2 survivors (2048K)
 Metaspace       used 7421K, committed 7616K, reserved 1056768K
  class space    used 778K, committed 896K, reserved 1048576K
}
Event: 4.526 GC heap after
{Heap after GC invocations=3 (full 0):
 garbage-first heap   total 65536K, used 9437K [0x00000000c1400000, 0x0000000100000000)
  region size 1024K, 1 young (1024K), 1 survivors (1024K)
 Metaspace       used 7421K, committed 7616K, reserved 1056768K
  class space    used 778K, committed 896K, reserved 1048576K
}
Event: 4.846 GC heap before
{Heap before GC invocations=3 (full 0):
 garbage-first heap   total 65536K, used 28893K [0x00000000c1400000, 0x0000000100000000)
  region size 1024K, 2 young (2048K), 1 survivors (1024K)
 Metaspace       used 7438K, committed 7680K, reserved 1056768K
  class space    used 778K, committed 896K, reserved 1048576K
}
Event: 4.847 GC heap after
{Heap after GC invocations=4 (full 0):
 garbage-first heap   total 65536K, used 26640K [0x00000000c1400000, 0x0000000100000000)
  region size 1024K, 1 young (1024K), 1 survivors (1024K)
 Metaspace       used 7438K, committed 7680K, reserved 1056768K
  class space    used 778K, committed 896K, reserved 1048576K
}
Event: 4.880 GC heap before
{Heap before GC invocations=4 (full 0):
 garbage-first heap   total 65536K, used 28688K [0x00000000c1400000, 0x0000000100000000)
  region size 1024K, 2 young (2048K), 1 survivors (1024K)
 Metaspace       used 7440K, committed 7680K, reserved 1056768K
  class space    used 778K, committed 896K, reserved 1048576K
}
Event: 4.881 GC heap after
{Heap after GC invocations=5 (full 0):
 garbage-first heap   total 65536K, used 9181K [0x00000000c1400000, 0x0000000100000000)
  region size 1024K, 1 young (1024K), 1 survivors (1024K)
 Metaspace       used 7440K, committed 7680K, reserved 1056768K
  class space    used 778K, committed 896K, reserved 1048576K
}
Event: 5.203 GC heap before
{Heap before GC invocations=5 (full 0):
 garbage-first heap   total 65536K, used 28637K [0x00000000c1400000, 0x0000000100000000)
  region size 1024K, 2 young (2048K), 1 survivors (1024K)
 Metaspace       used 7472K, committed 7680K, reserved 1056768K
  class space    used 778K, committed 896K, reserved 1048576K
}
Event: 5.203 GC heap after
{Heap after GC invocations=6 (full 0):
 garbage-first heap   total 65536K, used 26581K [0x00000000c1400000, 0x0000000100000000)
  region size 1024K, 1 young (1024K), 1 survivors (1024K)
 Metaspace       used 7472K, committed 7680K, reserved 1056768K
  class space    used 778K, committed 896K, reserved 1048576K
}
Event: 5.236 GC heap before
{Heap before GC invocations=6 (full 0):
 garbage-first heap   total 65536K, used 28629K [0x00000000c1400000, 0x0000000100000000)
  region size 1024K, 2 young (2048K), 1 survivors (1024K)
 Metaspace       used 7472K, committed 7680K, reserved 1056768K
  class space    used 778K, committed 896K, reserved 1048576K
}
Event: 5.237 GC heap after
{Heap after GC invocations=7 (full 0):
 garbage-first heap   total 65536K, used 9169K [0x00000000c1400000, 0x0000000100000000)
  region size 1024K, 1 young (1024K), 1 survivors (1024K)
 Metaspace       used 7472K, committed 7680K, reserved 1056768K
  class space    used 778K, committed 896K, reserved 1048576K
}
Event: 5.664 GC heap before
{Heap before GC invocations=7 (full 0):
 garbage-first heap   total 65536K, used 29649K [0x00000000c1400000, 0x0000000100000000)
  region size 1024K, 3 young (3072K), 1 survivors (1024K)
 Metaspace       used 7673K, committed 7872K, reserved 1056768K
  class space    used 810K, committed 896K, reserved 1048576K
}

